[    0.000000] Initializing cgroup subsys cpuset
[    0.000000] Initializing cgroup subsys cpu
[    0.000000] Initializing cgroup subsys cpuacct
[    0.000000] Linux version 4.4.0-96-generic (buildd@lgw01-10) (gcc version 5.4.0 20160609 (Ubuntu 5.4.0-6ubuntu1~16.04.4) ) #119-Ubuntu SMP Tue Sep 12 14:59:54 UTC 2017 (Ubuntu 4.4.0-96.119-generic 4.4.83)
[    0.000000] Command line: BOOT_IMAGE=/boot/vmlinuz-4.4.0-96-generic root=LABEL=cloudimg-rootfs ro console=tty1 console=ttyS0
[    0.000000] KERNEL supported cpus:
[    0.000000]   Intel GenuineIntel
[    0.000000]   AMD AuthenticAMD
[    0.000000]   Centaur CentaurHauls
[    0.000000] x86/fpu: xstate_offset[2]:  576, xstate_sizes[2]:  256
[    0.000000] x86/fpu: Supporting XSAVE feature 0x01: 'x87 floating point registers'
[    0.000000] x86/fpu: Supporting XSAVE feature 0x02: 'SSE registers'
[    0.000000] x86/fpu: Supporting XSAVE feature 0x04: 'AVX registers'
[    0.000000] x86/fpu: Enabled xstate features 0x7, context size is 832 bytes, using 'standard' format.
[    0.000000] x86/fpu: Using 'lazy' FPU context switches.
[    0.000000] e820: BIOS-provided physical RAM map:
[    0.000000] BIOS-e820: [mem 0x0000000000000000-0x000000000009fbff] usable
[    0.000000] BIOS-e820: [mem 0x000000000009fc00-0x000000000009ffff] reserved
[    0.000000] BIOS-e820: [mem 0x00000000000f0000-0x00000000000fffff] reserved
[    0.000000] BIOS-e820: [mem 0x0000000000100000-0x000000001ffeffff] usable
[    0.000000] BIOS-e820: [mem 0x000000001fff0000-0x000000001fffffff] ACPI data
[    0.000000] BIOS-e820: [mem 0x00000000fec00000-0x00000000fec00fff] reserved
[    0.000000] BIOS-e820: [mem 0x00000000fee00000-0x00000000fee00fff] reserved
[    0.000000] BIOS-e820: [mem 0x00000000fffc0000-0x00000000ffffffff] reserved
[    0.000000] NX (Execute Disable) protection: active
[    0.000000] SMBIOS 2.5 present.
[    0.000000] Hypervisor detected: KVM
[    0.000000] e820: last_pfn = 0x1fff0 max_arch_pfn = 0x400000000
[    0.000000] MTRR: Disabled
[    0.000000] x86/PAT: MTRRs disabled, skipping PAT initialization too.
[    0.000000] CPU MTRRs all blank - virtualized system.
[    0.000000] x86/PAT: Configuration [0-7]: WB  WT  UC- UC  WB  WT  UC- UC  
[    0.000000] found SMP MP-table at [mem 0x0009fff0-0x0009ffff] mapped at [ffff88000009fff0]
[    0.000000] Scanning 1 areas for low memory corruption
[    0.000000] RAMDISK: [mem 0x1ece4000-0x1f757fff]
[    0.000000] ACPI: Early table checksum verification disabled
[    0.000000] ACPI: RSDP 0x00000000000E0000 000024 (v02 VBOX  )
[    0.000000] ACPI: XSDT 0x000000001FFF0030 00003C (v01 VBOX   VBOXXSDT 00000001 ASL  00000061)
[    0.000000] ACPI: FACP 0x000000001FFF00F0 0000F4 (v04 VBOX   VBOXFACP 00000001 ASL  00000061)
[    0.000000] ACPI: DSDT 0x000000001FFF0470 0021FF (v02 VBOX   VBOXBIOS 00000002 INTL 20100528)
[    0.000000] ACPI: FACS 0x000000001FFF0200 000040
[    0.000000] ACPI: FACS 0x000000001FFF0200 000040
[    0.000000] ACPI: APIC 0x000000001FFF0240 00005C (v02 VBOX   VBOXAPIC 00000001 ASL  00000061)
[    0.000000] ACPI: SSDT 0x000000001FFF02A0 0001CC (v01 VBOX   VBOXCPUT 00000002 INTL 20100528)
[    0.000000] No NUMA configuration found
[    0.000000] Faking a node at [mem 0x0000000000000000-0x000000001ffeffff]
[    0.000000] NODE_DATA(0) allocated [mem 0x1ffeb000-0x1ffeffff]
[    0.000000] kvm-clock: Using msrs 4b564d01 and 4b564d00
[    0.000000] kvm-clock: cpu 0, msr 0:1ffe3001, primary cpu clock
[    0.000000] kvm-clock: using sched offset of 2962826307 cycles
[    0.000000] clocksource: kvm-clock: mask: 0xffffffffffffffff max_cycles: 0x1cd42e4dffb, max_idle_ns: 881590591483 ns
[    0.000000] Zone ranges:
[    0.000000]   DMA      [mem 0x0000000000001000-0x0000000000ffffff]
[    0.000000]   DMA32    [mem 0x0000000001000000-0x000000001ffeffff]
[    0.000000]   Normal   empty
[    0.000000]   Device   empty
[    0.000000] Movable zone start for each node
[    0.000000] Early memory node ranges
[    0.000000]   node   0: [mem 0x0000000000001000-0x000000000009efff]
[    0.000000]   node   0: [mem 0x0000000000100000-0x000000001ffeffff]
[    0.000000] Initmem setup node 0 [mem 0x0000000000001000-0x000000001ffeffff]
[    0.000000] ACPI: PM-Timer IO Port: 0x4008
[    0.000000] IOAPIC[0]: apic_id 2, version 32, address 0xfec00000, GSI 0-23
[    0.000000] ACPI: INT_SRC_OVR (bus 0 bus_irq 0 global_irq 2 dfl dfl)
[    0.000000] ACPI: INT_SRC_OVR (bus 0 bus_irq 9 global_irq 9 high level)
[    0.000000] Using ACPI (MADT) for SMP configuration information
[    0.000000] smpboot: Allowing 2 CPUs, 0 hotplug CPUs
[    0.000000] PM: Registered nosave memory: [mem 0x00000000-0x00000fff]
[    0.000000] PM: Registered nosave memory: [mem 0x0009f000-0x0009ffff]
[    0.000000] PM: Registered nosave memory: [mem 0x000a0000-0x000effff]
[    0.000000] PM: Registered nosave memory: [mem 0x000f0000-0x000fffff]
[    0.000000] e820: [mem 0x20000000-0xfebfffff] available for PCI devices
[    0.000000] Booting paravirtualized kernel on KVM
[    0.000000] clocksource: refined-jiffies: mask: 0xffffffff max_cycles: 0xffffffff, max_idle_ns: 7645519600211568 ns
[    0.000000] setup_percpu: NR_CPUS:512 nr_cpumask_bits:512 nr_cpu_ids:2 nr_node_ids:1
[    0.000000] PERCPU: Embedded 34 pages/cpu @ffff88001fc00000 s98328 r8192 d32744 u1048576
[    0.000000] PV qspinlock hash table entries: 256 (order: 0, 4096 bytes)
[    0.000000] Built 1 zonelists in Node order, mobility grouping on.  Total pages: 128889
[    0.000000] Policy zone: DMA32
[    0.000000] Kernel command line: BOOT_IMAGE=/boot/vmlinuz-4.4.0-96-generic root=LABEL=cloudimg-rootfs ro console=tty1 console=ttyS0
[    0.000000] PID hash table entries: 2048 (order: 2, 16384 bytes)
[    0.000000] Memory: 485780K/523832K available (8479K kernel code, 1294K rwdata, 3984K rodata, 1492K init, 1316K bss, 38052K reserved, 0K cma-reserved)
[    0.000000] SLUB: HWalign=64, Order=0-3, MinObjects=0, CPUs=2, Nodes=1
[    0.000000] Hierarchical RCU implementation.
[    0.000000] 	Build-time adjustment of leaf fanout to 64.
[    0.000000] 	RCU restricting CPUs from NR_CPUS=512 to nr_cpu_ids=2.
[    0.000000] RCU: Adjusting geometry for rcu_fanout_leaf=64, nr_cpu_ids=2
[    0.000000] NR_IRQS:33024 nr_irqs:440 16
[    0.000000] Console: colour VGA+ 80x25
[    0.000000] console [tty1] enabled
[    0.000000] console [ttyS0] enabled
[    0.000000] tsc: Detected 3199.996 MHz processor
[    2.609239] Calibrating delay loop (skipped) preset value.. 6399.99 BogoMIPS (lpj=12799984)
[    2.610502] pid_max: default: 32768 minimum: 301
[    2.640167] ACPI: Core revision 20150930
[    2.641579] ACPI: 2 ACPI AML tables successfully acquired and loaded
[    2.713567] Security Framework initialized
[    2.720230] Yama: becoming mindful.
[    2.720842] AppArmor: AppArmor initialized
[    2.721496] Dentry cache hash table entries: 65536 (order: 7, 524288 bytes)
[    2.766299] Inode-cache hash table entries: 32768 (order: 6, 262144 bytes)
[    2.782780] Mount-cache hash table entries: 1024 (order: 1, 8192 bytes)
[    2.906893] Mountpoint-cache hash table entries: 1024 (order: 1, 8192 bytes)
[    2.934397] Initializing cgroup subsys io
[    2.985544] Initializing cgroup subsys memory
[    2.988746] Initializing cgroup subsys devices
[    2.989410] Initializing cgroup subsys freezer
[    3.038462] Initializing cgroup subsys net_cls
[    3.071192] Initializing cgroup subsys perf_event
[    3.073182] Initializing cgroup subsys net_prio
[    3.073869] Initializing cgroup subsys hugetlb
[    3.074547] Initializing cgroup subsys pids
[    3.075257] CPU: Physical Processor ID: 0
[    3.075877] CPU: Processor Core ID: 0
[    3.094546] mce: CPU supports 0 MCE banks
[    3.103995] Last level iTLB entries: 4KB 1024, 2MB 1024, 4MB 1024
[    3.104862] Last level dTLB entries: 4KB 1024, 2MB 1024, 4MB 1024, 1GB 4
[    3.130639] Freeing SMP alternatives memory: 32K
[    3.138120] ftrace: allocating 32146 entries in 126 pages
[    3.204191] smpboot: APIC(0) Converting physical 0 to logical package 0
[    3.258394] smpboot: Max logical packages: 1
[    3.278652] x2apic enabled
[    3.287373] Switched APIC routing to physical x2apic.
[    3.298024] ..TIMER: vector=0x30 apic1=0 pin1=2 apic2=-1 pin2=-1
[    3.472131] smpboot: CPU0: Intel(R) Core(TM) i5-4570 CPU @ 3.20GHz (family: 0x6, model: 0x3c, stepping: 0x3)
[    3.592526] Performance Events: unsupported p6 CPU model 60 no PMU driver, software events only.
[    3.596667] KVM setup paravirtual spinlock
[    3.601415] x86: Booting SMP configuration:
[    3.612683] .... node  #0, CPUs:      #1
[    3.613435] kvm-clock: cpu 1, msr 0:1ffe3041, secondary cpu clock
[    3.621987] mce: CPU supports 0 MCE banks
[    3.624356] x86: Booted up 1 node, 2 CPUs
[    3.633158] smpboot: Total of 2 processors activated (12799.98 BogoMIPS)
[    3.645848] devtmpfs: initialized
[    3.688136] evm: security.selinux
[    3.689768] evm: security.SMACK64
[    3.690323] evm: security.SMACK64EXEC
[    3.690903] evm: security.SMACK64TRANSMUTE
[    3.691533] evm: security.SMACK64MMAP
[    3.721222] evm: security.ima
[    3.721744] evm: security.capability
[    3.726433] clocksource: jiffies: mask: 0xffffffff max_cycles: 0xffffffff, max_idle_ns: 7645041785100000 ns
[    3.743110] futex hash table entries: 512 (order: 3, 32768 bytes)
[    3.761530] pinctrl core: initialized pinctrl subsystem
[    3.762374] RTC time:  5:18:35, date: 09/28/17
[    3.763225] NET: Registered protocol family 16
[    3.776359] cpuidle: using governor ladder
[    3.796358] cpuidle: using governor menu
[    3.844314] PCCT header not found.
[    3.907377] ACPI: bus type PCI registered
[    3.947818] acpiphp: ACPI Hot Plug PCI Controller Driver version: 0.5
[    4.011642] PCI: Using configuration type 1 for base access
[    4.037550] ACPI: Added _OSI(Module Device)
[    4.096487] ACPI: Added _OSI(Processor Device)
[    4.145036] ACPI: Added _OSI(3.0 _SCP Extensions)
[    4.219102] ACPI: Added _OSI(Processor Aggregator Device)
[    4.308801] ACPI: Executed 1 blocks of module-level executable AML code
[    4.358523] ACPI: Interpreter enabled
[    4.401229] ACPI: (supports S0 S5)
[    4.450774] ACPI: Using IOAPIC for interrupt routing
[    4.518511] PCI: Using host bridge windows from ACPI; if necessary, use "pci=nocrs" and report a bug
[    4.637823] ACPI: PCI Root Bridge [PCI0] (domain 0000 [bus 00-ff])
[    4.662122] acpi PNP0A03:00: _OSC: OS supports [ASPM ClockPM Segments MSI]
[    4.672096] acpi PNP0A03:00: _OSC: not requesting OS control; OS requires [ExtendedConfig ASPM ClockPM MSI]
[    4.677559] acpi PNP0A03:00: fail to add MMCONFIG information, can't access extended PCI configuration space under this bridge.
[    4.679498] PCI host bridge to bus 0000:00
[    4.697533] pci_bus 0000:00: root bus resource [io  0x0000-0x0cf7 window]
[    4.709120] pci_bus 0000:00: root bus resource [io  0x0d00-0xffff window]
[    4.712530] pci_bus 0000:00: root bus resource [mem 0x000a0000-0x000bffff window]
[    4.717875] pci_bus 0000:00: root bus resource [mem 0x20000000-0xffdfffff window]
[    4.719037] pci_bus 0000:00: root bus resource [bus 00-ff]
[    4.726147] pci 0000:00:01.1: legacy IDE quirk: reg 0x10: [io  0x01f0-0x01f7]
[    4.734536] pci 0000:00:01.1: legacy IDE quirk: reg 0x14: [io  0x03f6]
[    4.735410] pci 0000:00:01.1: legacy IDE quirk: reg 0x18: [io  0x0170-0x0177]
[    4.750615] pci 0000:00:01.1: legacy IDE quirk: reg 0x1c: [io  0x0376]
[    4.758929] pci 0000:00:07.0: quirk: [io  0x4000-0x403f] claimed by PIIX4 ACPI
[    4.809081] pci 0000:00:07.0: quirk: [io  0x4100-0x410f] claimed by PIIX4 SMB
[    4.814380] ACPI: PCI Interrupt Link [LNKA] (IRQs 5 9 10 *11)
[    4.890545] ACPI: PCI Interrupt Link [LNKB] (IRQs 5 9 10 *11)
[    4.981380] ACPI: PCI Interrupt Link [LNKC] (IRQs 5 9 *10 11)
[    5.054647] ACPI: PCI Interrupt Link [LNKD] (IRQs 5 *9 10 11)
[    5.067143] ACPI: Enabled 2 GPEs in block 00 to 07
[    5.102753] vgaarb: setting as boot device: PCI:0000:00:02.0
[    5.117861] vgaarb: device added: PCI:0000:00:02.0,decodes=io+mem,owns=io+mem,locks=none
[    5.222905] vgaarb: loaded
[    5.223387] vgaarb: bridge control possible 0000:00:02.0
[    5.263294] SCSI subsystem initialized
[    5.330202] ACPI: bus type USB registered
[    5.404793] usbcore: registered new interface driver usbfs
[    5.487886] usbcore: registered new interface driver hub
[    5.551584] usbcore: registered new device driver usb
[    5.573874] PCI: Using ACPI for IRQ routing
[    5.608327] NetLabel: Initializing
[    5.614898] NetLabel:  domain hash size = 128
[    5.658016] NetLabel:  protocols = UNLABELED CIPSOv4
[    5.658778] NetLabel:  unlabeled traffic allowed by default
[    5.679181] amd_nb: Cannot enumerate AMD northbridges
[    5.724608] clocksource: Switched to clocksource kvm-clock
[    5.753244] AppArmor: AppArmor Filesystem Enabled
[    5.822319] pnp: PnP ACPI init
[    5.829408] pnp: PnP ACPI: found 3 devices
[    5.837834] clocksource: acpi_pm: mask: 0xffffff max_cycles: 0xffffff, max_idle_ns: 2085701024 ns
[    5.879520] NET: Registered protocol family 2
[    5.884126] TCP established hash table entries: 4096 (order: 3, 32768 bytes)
[    5.885121] TCP bind hash table entries: 4096 (order: 4, 65536 bytes)
[    5.970321] TCP: Hash tables configured (established 4096 bind 4096)
[    6.072265] UDP hash table entries: 256 (order: 1, 8192 bytes)
[    6.120086] UDP-Lite hash table entries: 256 (order: 1, 8192 bytes)
[    6.127495] NET: Registered protocol family 1
[    6.190619] pci 0000:00:00.0: Limiting direct PCI/PCI transfers
[    6.191449] pci 0000:00:01.0: Activating ISA DMA hang workarounds
[    6.192385] Unpacking initramfs...
[    7.768428] Freeing initrd memory: 10704K
[    7.781779] RAPL PMU detected, API unit is 2^-32 Joules, 4 fixed counters 10737418240 ms ovfl timer
[    7.783089] hw unit of domain pp0-core 2^-0 Joules
[    7.785851] hw unit of domain package 2^-0 Joules
[    7.788027] hw unit of domain dram 2^-0 Joules
[    7.788687] hw unit of domain pp1-gpu 2^-0 Joules
[    7.789469] platform rtc_cmos: registered platform RTC device (no PNP device found)
[    7.792043] Scanning for low memory corruption every 60 seconds
[    7.804167] audit: initializing netlink subsys (disabled)
[    7.804943] audit: type=2000 audit(1506575918.617:1): initialized
[    7.865365] Initialise system trusted keyring
[    7.883992] HugeTLB registered 2 MB page size, pre-allocated 0 pages
[    7.896344] zbud: loaded
[    7.897022] VFS: Disk quotas dquot_6.6.0
[    7.898879] VFS: Dquot-cache hash table entries: 512 (order 0, 4096 bytes)
[    7.899975] squashfs: version 4.0 (2009/01/31) Phillip Lougher
[    7.901031] fuse init (API version 7.23)
[    7.902954] Key type big_key registered
[    7.903577] Allocating IMA MOK and blacklist keyrings.
[    7.905394] Key type asymmetric registered
[    7.976777] Asymmetric key parser 'x509' registered
[    8.020524] Block layer SCSI generic (bsg) driver version 0.4 loaded (major 249)
[    8.073837] io scheduler noop registered
[    8.106830] io scheduler deadline registered (default)
[    8.154206] io scheduler cfq registered
[    8.154874] pci_hotplug: PCI Hot Plug PCI Core version: 0.5
[    8.179070] pciehp: PCI Express Hot Plug Controller Driver version: 0.4
[    8.192707] ACPI: AC Adapter [AC] (on-line)
[    8.261673] input: Power Button as /devices/LNXSYSTM:00/LNXPWRBN:00/input/input0
[    8.262795] ACPI: Power Button [PWRF]
[    8.263408] input: Sleep Button as /devices/LNXSYSTM:00/LNXSLPBN:00/input/input1
[    8.274013] ACPI: Sleep Button [SLPF]
[    8.274823] GHES: HEST is not enabled!
[    8.324753] Serial: 8250/16550 driver, 32 ports, IRQ sharing enabled
[    8.393141] 00:02: ttyS0 at I/O 0x3f8 (irq = 4, base_baud = 115200) is a 16550A
[    8.505508] Linux agpgart interface v0.103
[    8.512694] loop: module loaded
[    8.597330] scsi host0: ata_piix
[    8.654548] scsi host1: ata_piix
[    8.746549] ata1: PATA max UDMA/33 cmd 0x1f0 ctl 0x3f6 bmdma 0xd000 irq 14
[    8.801190] ata2: PATA max UDMA/33 cmd 0x170 ctl 0x376 bmdma 0xd008 irq 15
[    8.839126] tsc: Refined TSC clocksource calibration: 3199.978 MHz
[    8.847150] clocksource: tsc: mask: 0xffffffffffffffff max_cycles: 0x2e203570a0e, max_idle_ns: 440795331484 ns
[    8.847285] libphy: Fixed MDIO Bus: probed
[    8.847287] tun: Universal TUN/TAP device driver, 1.6
[    8.847287] tun: (C) 1999-2004 Max Krasnyansky <maxk@qualcomm.com>
[    8.902658] PPP generic driver version 2.4.2
[    8.909123] ehci_hcd: USB 2.0 'Enhanced' Host Controller (EHCI) Driver
[    8.921467] ehci-pci: EHCI PCI platform driver
[    8.945172] ehci-platform: EHCI generic platform driver
[    8.954237] ohci_hcd: USB 1.1 'Open' Host Controller (OHCI) Driver
[    8.959263] ohci-pci: OHCI PCI platform driver
[    8.960420] ohci-platform: OHCI generic platform driver
[    8.967208] uhci_hcd: USB Universal Host Controller Interface driver
[    9.003157] i8042: PNP: PS/2 Controller [PNP0303:PS2K,PNP0f03:PS2M] at 0x60,0x64 irq 1,12
[    9.004843] serio: i8042 KBD port at 0x60,0x64 irq 1
[    9.013401] serio: i8042 AUX port at 0x60,0x64 irq 12
[    9.014320] mousedev: PS/2 mouse device common for all mice
[    9.027862] input: AT Translated Set 2 keyboard as /devices/platform/i8042/serio0/input/input2
[    9.033101] rtc_cmos rtc_cmos: rtc core: registered rtc_cmos as rtc0
[    9.033150] rtc_cmos rtc_cmos: alarms up to one day, 114 bytes nvram
[    9.033157] i2c /dev entries driver
[    9.033199] device-mapper: uevent: version 1.0.3
[    9.033243] device-mapper: ioctl: 4.34.0-ioctl (2015-10-28) initialised: dm-devel@redhat.com
[    9.033255] ledtrig-cpu: registered to indicate activity on CPUs
[    9.045102] NET: Registered protocol family 10
[    9.045232] NET: Registered protocol family 17
[    9.045241] Key type dns_resolver registered
[    9.050654] microcode: CPU0 sig=0x306c3, pf=0x40, revision=0x0
[    9.050663] microcode: CPU1 sig=0x306c3, pf=0x40, revision=0x0
[    9.050689] microcode: Microcode Update Driver: v2.01 <tigran@aivazian.fsnet.co.uk>, Peter Oruba
[    9.050776] registered taskstats version 1
[    9.050790] Loading compiled-in X.509 certificates
[    9.051343] Loaded X.509 cert 'Build time autogenerated kernel key: b1a6ea8776bed2812c00d8a799f968274ef48628'
[    9.051357] zswap: loaded using pool lzo/zbud
[    9.052684] Key type trusted registered
[    9.054625] Key type encrypted registered
[    9.054630] AppArmor: AppArmor sha1 policy hashing enabled
[    9.054632] ima: No TPM chip found, activating TPM-bypass!
[    9.054647] evm: HMAC attrs: 0x1
[    9.054892]   Magic number: 1:921:315
[    9.054909] tty tty40: hash matches
[    9.068526] rtc_cmos rtc_cmos: setting system clock to 2017-09-28 05:18:41 UTC (1506575921)
[    9.068603] BIOS EDD facility v0.16 2004-Jun-25, 0 devices found
[    9.068603] EDD information not available.
[    9.237416] Freeing unused kernel memory: 1492K
[    9.239206] Write protecting the kernel read-only data: 14336k
[    9.240373] Freeing unused kernel memory: 1748K
[    9.245971] Freeing unused kernel memory: 112K
Loading, please wait...
starting version[    9.254853] random: systemd-udevd: uninitialized urandom read (16 bytes read, 2 bits of entropy available)
 229
[    9.256451] random: udevadm: uninitialized urandom read (16 bytes read, 2 bits of entropy available)
[    9.256483] random: udevadm: uninitialized urandom read (16 bytes read, 2 bits of entropy available)
[    9.256587] random: udevadm: uninitialized urandom read (16 bytes read, 2 bits of entropy available)
[    9.256620] random: udevadm: uninitialized urandom read (16 bytes read, 2 bits of entropy available)
[    9.256649] random: udevadm: uninitialized urandom read (16 bytes read, 2 bits of entropy available)
[    9.256679] random: udevadm: uninitialized urandom read (16 bytes read, 2 bits of entropy available)
[    9.256706] random: udevadm: uninitialized urandom read (16 bytes read, 2 bits of entropy available)
[    9.256732] random: udevadm: uninitialized urandom read (16 bytes read, 2 bits of entropy available)
[    9.256759] random: udevadm: uninitialized urandom read (16 bytes read, 2 bits of entropy available)
[    9.307461] e1000: Intel(R) PRO/1000 Network Driver - version 7.3.21-k8-NAPI
[    9.319094] e1000: Copyright (c) 1999-2006 Intel Corporation.
[    9.350375] Fusion MPT base driver 3.04.20
[    9.356834] Copyright (c) 1999-2008 LSI Corporation
[    9.360278] AVX version of gcm_enc/dec engaged.
[    9.363872] AES CTR mode by8 optimization enabled
[    9.380311] Fusion MPT SPI Host driver 3.04.20
[    9.538573] input: ImExPS/2 Generic Explorer Mouse as /devices/platform/i8042/serio1/input/input4
[    9.787976] e1000 0000:00:03.0 eth0: (PCI:33MHz:32-bit) 02:a4:a0:f1:db:6e
[    9.888261] e1000 0000:00:03.0 eth0: Intel(R) PRO/1000 Network Connection
[    9.990594] mptbase: ioc0: Initiating bringup
[   10.053034] ioc0: LSI53C1030 A0: Capabilities={Initiator}
[   10.238940] scsi host2: ioc0: LSI53C1030 A0, FwRev=00000000h, Ports=1, MaxQ=256, IRQ=20
[   10.525111] scsi 2:0:0:0: Direct-Access     VBOX     HARDDISK         1.0  PQ: 0 ANSI: 5
[   10.534549] scsi target2:0:0: Beginning Domain Validation
[   10.561519] scsi target2:0:0: Domain Validation skipping write tests
[   10.562390] scsi target2:0:0: Ending Domain Validation
[   10.563186] scsi target2:0:0: asynchronous
[   10.564583] scsi 2:0:1:0: Direct-Access     VBOX     HARDDISK         1.0  PQ: 0 ANSI: 5
[   10.592668] scsi target2:0:1: Beginning Domain Validation
[   10.641689] scsi target2:0:1: Domain Validation skipping write tests
[   10.679003] scsi target2:0:1: Ending Domain Validation
[   10.691523] scsi target2:0:1: asynchronous
[   10.700229] sd 2:0:0:0: Attached scsi generic sg0 type 0
[   10.729542] sd 2:0:0:0: [sda] 20971520 512-byte logical blocks: (10.7 GB/10.0 GiB)
[   10.736586] sd 2:0:0:0: [sda] Write Protect is off
[   10.765406] sd 2:0:1:0: Attached scsi generic sg1 type 0
[   10.795099] sd 2:0:0:0: [sda] Incomplete mode parameter data
[   10.800142] sd 2:0:0:0: [sda] Assuming drive cache: write through
[   10.806534] sd 2:0:1:0: [sdb] 20480 512-byte logical blocks: (10.5 MB/10.0 MiB)
[   10.807851] sd 2:0:1:0: [sdb] Write Protect is off
[   10.808691] sd 2:0:1:0: [sdb] Incomplete mode parameter data
[   10.809522] sd 2:0:1:0: [sdb] Assuming drive cache: write through
[   10.812433]  sda: sda1
[   10.823242] sd 2:0:0:0: [sda] Attached SCSI disk
[   10.824010] sd 2:0:1:0: [sdb] Attached SCSI disk
[   10.911956] e1000 0000:00:08.0 eth1: (PCI:33MHz:32-bit) 08:00:27:42:e0:f8
[   10.931005] e1000 0000:00:08.0 eth1: Intel(R) PRO/1000 Network Connection
[   10.932820] e1000 0000:00:03.0 enp0s3: renamed from eth0
[   10.988872] e1000 0000:00:08.0 enp0s8: renamed from eth1
[   12.341129] floppy0: no floppy controllers found
[   12.402151] work still pending
Begin: Loading e[   13.688121] md: linear personality registered for level -1
ssential drivers ... [   13.717348] md: multipath personality registered for level -4
[   13.719964] md: raid0 personality registered for level 0
[   13.722789] md: raid1 personality registered for level 1
[   13.793007] raid6: sse2x1   gen() 10514 MB/s
[   13.928626] raid6: sse2x1   xor()  7943 MB/s
[   14.084785] raid6: sse2x2   gen() 13188 MB/s
[   14.252934] raid6: sse2x2   xor()  8534 MB/s
[   14.333017] raid6: sse2x4   gen() 15055 MB/s
[   14.425099] raid6: sse2x4   xor() 10854 MB/s
[   14.432232] raid6: using algorithm sse2x4 gen() 15055 MB/s
[   14.470538] raid6: .... xor() 10854 MB/s, rmw enabled
[   14.556550] raid6: using ssse3x2 recovery algorithm
[   14.558504] xor: automatically using best checksumming function:
[   14.684863]    avx       : 20897.000 MB/sec
[   14.722485] async_tx: api initialized (async)
[   14.812202] md: raid6 personality registered for level 6
[   14.914482] md: raid5 personality registered for level 5
[   14.997855] md: raid4 personality registered for level 4
[   15.078924] md: raid10 personality registered for level 10
done.
Begin: Running /scripts/init-premount ... done.
Begin: Mounting root file system ... Begin: Running /scripts/local-top ... done.
Begin: Running /scripts/local-pr[   15.213061] Btrfs loaded
emount ... Scanning for Btrfs filesystems
done.
Warning: fsck not present, so skipping root file system
[   15.256277] EXT4-fs (sda1): mounted filesystem with ordered data mode. Opts: (null)
done.
Begin: Running /scripts/local-bottom ... done.
Begin: Running /scripts/init-bottom ... done.
[   15.366651] systemd[1]: systemd 229 running in system mode. (+PAM +AUDIT +SELINUX +IMA +APPARMOR +SMACK +SYSVINIT +UTMP +LIBCRYPTSETUP +GCRYPT +GNUTLS +ACL +XZ -LZ4 +SECCOMP +BLKID +ELFUTILS +KMOD -IDN)
[   15.387351] systemd[1]: Detected virtualization oracle.
[   15.388110] systemd[1]: Detected architecture x86-64.

Welcome to [1mUbuntu 16.04.3 LTS[0m!

[   15.391958] systemd[1]: Set hostname to <ubuntu>.
[   15.393835] systemd[1]: Initializing machine ID from random generator.
[   15.427008] systemd[1]: Installed transient /etc/machine-id file.
[   15.528959] systemd[1]: Listening on LVM2 poll daemon socket.
[[0;32m  OK  [0m] Listening on LVM2 poll daemon socket.
[   15.680943] systemd[1]: Reached target Encrypted Volumes.
[[0;32m  OK  [0m] Reached target Encrypted Volumes.
[   15.795148] systemd[1]: Created slice User and Session Slice.
[[0;32m  OK  [0m] Created slice User and Session Slice.
[   15.819431] systemd[1]: Listening on udev Control Socket.
[[0;32m  OK  [0m] Listening on udev Control Socket.
[   15.821254] systemd[1]: Listening on /dev/initctl Compatibility Named Pipe.
[[0;32m  OK  [0m] Listening on /dev/initctl Compatibility Named Pipe.
[   15.845177] systemd[1]: Started Trigger resolvconf update for networkd DNS.
[[0;32m  OK  [0m] Started Trigger resolvconf update for networkd DNS.
[   15.965319] systemd[1]: Listening on Journal Socket.
[[0;32m  OK  [0m] Listening on Journal Socket.
[   16.063628] systemd[1]: Listening on Syslog Socket.
[[0;32m  OK  [0m] Listening on Syslog Socket.
[   16.120940] systemd[1]: Listening on Journal Audit Socket.
[[0;32m  OK  [0m] Listening on Journal Audit Socket.
[   16.256302] systemd[1]: Listening on Journal Socket (/dev/log).
[[0;32m  OK  [0m] Listening on Journal Socket (/dev/log).
[   16.401178] systemd[1]: Reached target User and Group Name Lookups.
[[0;32m  OK  [0m] Reached target User and Group Name Lookups.
[   16.485275] systemd[1]: Listening on udev Kernel Socket.
[[0;32m  OK  [0m] Listening on udev Kernel Socket.
[   16.640846] systemd[1]: Reached target Swap.
[[0;32m  OK  [0m] Reached target Swap.
[   16.685212] systemd[1]: Listening on LVM2 metadata daemon socket.
[[0;32m  OK  [0m] Listening on LVM2 metadata daemon socket.
[   16.753884] systemd[1]: Set up automount Arbitrary Executable File Formats File System Automount Point.
[[0;32m  OK  [0m] Set up automount Arbitrary Executab...ats File System Automount Point.
[   16.804780] systemd[1]: Created slice System Slice.
[[0;32m  OK  [0m] Created slice System Slice.
[   16.821005] systemd[1]: Mounting POSIX Message Queue File System...
         Mounting POSIX Message Queue File System...
[   16.902137] systemd[1]: Starting Remount Root and Kernel File Systems...
         [   16.928427] EXT4-fs (sda1): re-mounted. Opts: (null)
Starting Remount Root and Kernel File Systems...
[   16.943366] systemd[1]: Starting Create list of required static device nodes for the current kernel...
         Starting Create list of required st... nodes for the current kernel...
[   16.977682] systemd[1]: Reached target Slices.
[[0;32m  OK  [0m] Reached target Slices.
[   16.992421] systemd[1]: Starting Load Kernel Modules...
         Starting Load Kernel Modules...
[   17.014537] Loading iSCSI transport class v2.0-870.
[   17.017470] systemd[1]: Mounting Debug File System...
         Mounting Debug File System...
[   17.047697] iscsi: registered transport (tcp)
[   17.062626] systemd[1]: Starting Journal Service...
         Starting Journal Service...
[   17.105519] systemd[1]: Starting Set console keymap...
         Starting Set console keymap...
[   17.110225] systemd[1]: Starting Nameserver information manager...
         Starting Nameserver information [   17.141017] iscsi: registered transport (iser)
manager...
[   17.172823] systemd[1]: Starting Uncomplicated firewall...
         Starting Uncomplicated firewall...
[   17.181254] systemd[1]: Created slice system-serial\x2dgetty.slice.
[[0;32m  OK  [0m] Created slice system-serial\x2dgetty.slice.
[   17.184542] systemd[1]: Mounting Huge Pages File System...
         Mounting Huge Pages File System...
[   17.191005] systemd[1]: Listening on Device-mapper event daemon FIFOs.
[[0;32m  OK  [0m] Listening on Device-mapper event daemon FIFOs.
[   17.208832] systemd[1]: Starting Monitoring of LVM2 mirrors, snapshots etc. using dmeventd or progress polling...
         Starting Monitoring of LVM2 mirrors... dmeventd or progress polling...
[   17.295066] systemd[1]: Started Forward Password Requests to Wall Directory Watch.
[[0;32m  OK  [0m] Started Forward Password Requests to Wall Directory Watch.
[   17.473719] systemd[1]: Mounted POSIX Message Queue File System.
[[0;32m  OK  [0m] Mounted POSIX Message Queue File System.
[   17.533608] systemd[1]: Mounted Debug File System.
[[0;32m  OK  [0m] Mounted Debug File System.
[   17.535010] systemd[1]: Mounted Huge Pages File System.
[[0;32m  OK  [0m] Mounted Huge Pages File System.
[   17.545290] systemd[1]: Started Journal Service.
[[0;32m  OK  [0m] Started Journal Service.
[[0;32m  OK  [0m] Started Remount Root and Kernel File Systems.
[[0;32m  OK  [0m] Started Create list of required sta...ce nodes for the current kernel.
[[0;32m  OK  [0m] Started Load Kernel Modules.
[[0;32m  OK  [0m] Started Set console keymap.
[[0;32m  OK  [0m] Started Uncomplicated firewall.
[[0;32m  OK  [[   17.939013] random: nonblocking pool is initialized
0m] Started Nameserver information manager.
[[0;32m  OK  [0m] Started LVM2 metadata daemon.
         Starting Apply Kernel Variables...
         Mounting FUSE Control File System...
         Starting Create Static Device Nodes in /dev...
         Starting udev Coldplug all Devices...
         Starting Load/Save Random Seed...
         Starting Initial cloud-init job (pre-networking)...
         Starting Flush Journal to Persistent Storage...
[[0;32m  OK  [0m] Mounted FUSE Control File System.
[[0;32m  OK  [0m] Started Monitoring of LVM2 mirrors,...ng dmeventd or progress polling.
[[0;32m  OK  [0m] Started Apply Kernel Variables.
[[0;32m  OK  [0m] Started Create Static Device Nodes in /dev.
[[0;32m  OK  [0m] Started Load/Save Random Seed.
[[0;32m  OK  [0m] Started udev Coldplug all Devices.
[[0;32m  OK  [0m] Started Flush Journal to Persistent Storage.
         Starting udev Kernel Device Manager...
[[0;32m  OK  [0m] Started udev Kernel Device Manager.
[[0;32m  OK  [0m] Reached target Local File Systems (Pre).
[[0;32m  OK  [0m] Reached target Local File Systems.
         Starting Set console font and keymap...
         Starting Commit a transient machine-id on disk...
         Starting LSB: AppArmor initialization...
         Starting Tell Plymouth To Write Out Runtime Data...
         Starting Create Volatile Files and Directories...
[[0;32m  OK  [0m] Started Dispatch Password Requests to Console Directory Watch.
[[0;32m  OK  [0m] Started Commit a transient machine-id on disk.
[[0;32m  OK  [0m] Started Tell Plymouth To Write Out Runtime Data.
[[0;32m  OK  [0m] Started Create Volatile Files and Directories.
[[0;32m  OK  [0m] Found device /dev/ttyS0.
[[0;32m  OK  [0m] Reached target System Time Synchronized.
         Starting Update UTMP about System Boot/Shutdown...
[[0;32m  OK  [0m] Started Update UTMP about System Boot/Shutdown.
[[0;32m  OK  [0m] Listening on Load/Save RF Kill Switch Status /dev/rfkill Watch.
[   14.165207] cloud-init[453]: Cloud-init v. 0.7.9 running 'init-local' at Thu, 28 Sep 2017 05:18:51 +0000. Up 13.60 seconds.
[[0;32m  OK  [0m] Started Initial cloud-init job (pre-networking).
[[0;1;31mFAILED[0m] Failed to start Set console font and keymap.
See 'systemctl status console-setup.service' for details.
[[0;32m  OK  [0m] Created slice system-getty.slice.
[[0;32m  OK  [0m] Reached target Network (Pre).
[[0;32m  OK  [0m] Started LSB: AppArmor initialization.
         Starting Raise network interfaces...
[[0;32m  OK  [0m] Started Raise network interfaces.
         Starting Initial cloud-init job (metadata service crawler)...
[[0;32m  OK  [0m] Reached target Network.
[   17.455298] cloud-init[910]: Cloud-init v. 0.7.9 running 'init' at Thu, 28 Sep 2017 05:18:54 +0000. Up 17.00 seconds.
[   17.466990] cloud-init[910]: ci-info: ++++++++++++++++++++++++++++++++++++++Net device info++++++++++++++++++++++++++++++++++++++
[   17.483500] cloud-init[910]: ci-info: +--------+-------+----------------------------+---------------+-------+-------------------+
[   17.508345] [cloud-init[0;32m  OK  [0m[910]: ] ci-info: | Device |   Up  |          Address           |      Mask     | Scope |     Hw-Address    |Started Initial cloud-init job (metadata service crawler).

[   17.508694] cloud-init[910]: ci-info: +--------+-------+----------------------------+---------------+-------+-------------------+[
[0;32m  OK  [0m] Reached target System Initialization.
[[0;32m  OK  [0m] Started Timer to automatically fetch and run repair assertions.
[[0;32m  OK  [0m] Listening on D-Bus System Message Bus Socket.
[   17.582212] cloud-init[910]: ci-info: |   lo   |  True |         127.0.0.1          |   255.0.0.0   |   .   |         .         |
[   17.869908]          cloud-initStarting LXD - unix socket.[910]: 
ci-info: |   lo   |  True |          ::1/128           |       .       |  host |         .         |
[   18.048257] [cloud-init[0;32m  OK  [0m[910]: ] ci-info: | enp0s3 |  True |         10.0.2.15          | 255.255.255.0 |   .   | 02:a4:a0:f1:db:6e |Started Timer to automatically refresh installed snaps.

[   18.048609] [cloud-init[0;32m  OK  [0m[910]: ] ci-info: | enp0s3 |  True | fe80::a4:a0ff:fef1:db6e/64 |       .       |  link | 02:a4:a0:f1:db:6e |Started Daily Cleanup of Temporary Directories.

[   18.456708] [cloud-init[0;32m  OK  [0m[910]: ] ci-info: | enp0s8 | False |             .              |       .       |   .   | 08:00:27:42:e0:f8 |Listening on UUID daemon activation socket.

[[0;32m  OK  [0m] Listening on ACPID Listen Socket.
[   18.457053] cloud-init[910]: ci-info: +--------+-------+----------------------------+---------------+-------+-------------------+
[   18.705721] [[0;32m  OK  [0m] Started ACPI Events Check.
[[0;32m  OK  [0m] Reached target Paths.
cloud-init[910]: ci-info: +++++++++++++++++++++++++++Route IPv4 info++++++++++++++++++++++++++++
[   18.872594]          cloud-initStarting Socket activation for snappy daemon.[910]: 
ci-info: +-------+-------------+----------+---------------+-----------+-------+
[   18.994615] [cloud-init[0;32m  OK  [0m[910]: ] ci-info: | Route | Destination | Gateway  |    Genmask    | Interface | Flags |Reached target Network is Online.

[   18.994956] cloud-init[910]: ci-info: +-------+-------------+----------+---------------+-----------+-------+
[   19.320511]          cloud-initStarting iSCSI initiator daemon (iscsid)...[910]: 
ci-info: |   0   |   0.0.0.0   | 10.0.2.2 |    0.0.0.0    |   enp0s3  |   UG  |
[   19.504659] [cloud-init[0;32m  OK  [0m[910]: ] ci-info: |   1   |   10.0.2.0  | 0.0.0.0  | 255.255.255.0 |   enp0s3  |   U   |Started Daily apt download activities.

[[0;32m  OK  [0m] Started Daily apt upgrade and clean activities.
[[0;32m  OK  [0m] Reached target Timers.
[   19.505006] cloud-init[910]: ci-info: +-------+-------------+----------+---------------+-----------+-------+
[[0;32m  OK  [0m] Reached target Cloud-config availability.
[   19.688951] cloud-init[910]: Generating public/private rsa key pair.
[   20.036664] [cloud-init[0;32m  OK  [0m[910]: ] Your identification has been saved in /etc/ssh/ssh_host_rsa_key.Listening on LXD - unix socket.

[[0;32m  OK  [0m] Listening on Socket activation for snappy daemon.
[   20.037010] cloud-init[910]: Your public key has been saved in /etc/ssh/ssh_host_rsa_key.pub.
[   20.157883] [[0;32m  OK  [0m] Reached target Sockets.
[[0;32m  OK  [0m] Reached target Basic System.
cloud-init[910]: The key fingerprint is:
[   20.276397]          cloud-initStarting LSB: Record successful boot for GRUB...[910]: 
SHA256:/xAo5R2YWHFHmlLT63hInDbnlg+hh66IIcdqix1PFG4 root@ubuntu-xenial
[   20.456591] [cloud-init[0;32m  OK  [0m[910]: ] The key's randomart image is:Started FUSE filesystem for LXC.

[   20.456937] cloud-init[910]: +---[RSA 2048]----+
[   20.605403]          cloud-initStarting Pollinate to seed the pseudo random number generator...[910]: 
|        o.+oo    |
[   20.637848]          Starting Apply the settings specified in cloud-config...
[[0;32m  OK  [0m] Started Unattended Upgrades Shutdown.
cloud-init[910]: |       o = =.    |
[[0;32m  OK  [0m] Started Regular background program processing daemon.
[   20.747906] cloud-init[910]: |    . . =.+. .   |
[   20.775988]          cloud-initStarting Login Service...[910]: 
|   . . o +*.+    |
[   20.796408]          cloud-initStarting /etc/rc.local Compatibility...[910]: 
|    E . SooX o   |
[   20.816537] [cloud-init[0;32m  OK  [0m[910]: ] |   +   . .=.O    |Started D-Bus System Message Bus.

[   20.817097] cloud-init[910]: |  o =    .o+ o   |
[   20.856405]          cloud-initStarting Accounts Service...[910]: 
| o.B o .  .o  .  |
[   20.864469] cloud-init[910]: |..+.o . ..  .    |
[   20.872281] cloud-init[910]: +----[SHA256]-----+
         Starting System Logging Service...
[   20.877675] cloud-init[910]: Generating public/private dsa key pair.
[   20.892469]          cloud-initStarting LSB: MD monitoring daemon...[910]: 
Your identification has been saved in /etc/ssh/ssh_host_dsa_key.
[   20.897068] [cloud-init[0;32m  OK  [0m[910]: ] Your public key has been saved in /etc/ssh/ssh_host_dsa_key.pub.Started ACPI event daemon.

[   20.897412] cloud-init[910]: The key fingerprint is:
         Starting Snappy daemon...
[   20.934662] cloud-init[910]: SHA256:ZY37EOEKUx8TBWNmLWak9jyW9LaBE/dw5trwe3d4euk root@ubuntu-xenial
[[0;32m  OK  [0m] Started Deferred execution scheduler.
         Starting LXD - container startup/shutdown...
[[0;32m  OK  [0m] Started System Logging Service.
[[0;32m  OK  [0m] Started iSCSI initiator daemon (iscsid).
[[0;32m  OK  [0m] Started /etc/rc.local Compatibility.
[   20.964224] cloud-init[910]: The key's randomart image is:
[   21.024364] cloud-init[910]: +---[DSA 1024]----+
[   21.035567] cloud-init[910]: |        ..%=.    |
[   21.060858] [cloud-init[0;32m  OK  [0m[910]: ] |       . B+B.    |Started LSB: Record successful boot for GRUB.

[   21.061193] [cloud-init[0;32m  OK  [0m[910]: ] |      o ooX.+ o  |Started LSB: MD monitoring daemon.

[   21.067601] cloud-init[[0;32m  OK  [0m] Started LXD - container startup/shutdown.
[910]: |       + B O *   |
[   21.076248] [[0;32m  OK  [0m] Started Snappy daemon.
cloud-init[910]: |        S @ = o  |
[   21.077511] cloud-init[910]: |         . * B   |
[   21.082686] cloud-init[910]: |            + o..|
[   21.083818] cloud-init[910]: |              .o*|
[   21.085651] cloud-init[910]: |              +Eo|
[   21.086653] cloud-init[910]: +----[SHA256]-----+
[   21.092146] [[0;32m  OK  [0m] Started Login Service.
cloud-init[910]: Generating public/private ecdsa key pair.
[   21.100508] cloud-init[910]: Your identification has been saved in /etc/ssh/ssh_host_ecdsa_key.
[   21.108678] cloud-init[910]: Your public key has been saved in /etc/ssh/ssh_host_ecdsa_key.pub.
[   21.108955] cloud-init[910]: The key fingerprint is:
[   21.109018] cloud-init[910]: SHA256:c8oCF+/KO+rzGBW7DpucURHraTmtBAcKFiRgP5LKgvI root@ubuntu-xenial
[   21.109051] cloud-init[910]: The key's randomart image is:
[   21.109079] cloud-init[910]: +---[ECDSA 256]---+
[   21.109104] cloud-init[910]: |*=. . .          |
[   21.109129] cloud-init[910]: |+.o. . o         |
[   21.109154] cloud-init[910]: | o.o. *          |
[   21.109178] cloud-init[910]: |+ . .+ X         |
[   21.109202] cloud-init[910]: |=.  . % S .      |
[   21.109229] cloud-init[910]: |o.   B * +       |
[   21.109255] cloud-init[910]: |  E + + +        |
[   21.109278] cloud-init[910]: |   ..@.o         |
[   21.109301] cloud-init[910]: |   .O+*o         |
[   21.109324] cloud-init[910]: +----[SHA256]-----+
[   21.109348] cloud-init[910]: Generating public/private ed25519 key pair.
[   21.109372] cloud-init[910]: Your identification has been saved in /etc/ssh/ssh_host_ed25519_key.
[   21.109396] cloud-init[910]: Your public key has been saved in /etc/ssh/ssh_host_ed25519_key.pub.
[   21.109420] cloud-init[910]: The key fingerprint is:
[   21.109444] cloud-init[910]: SHA256:9PiJBwZFhqopHHWo/is7ISeM/DVmDeuOPG1HlPbZy2k root@ubuntu-xenial
[   21.109499] cloud-init[910]: The key's randomart image is:
[   21.109536] cloud-init[910]: +--[ED25519 256]--+
[   21.109566] cloud-init[910]: |    .  o+        |
[   21.109591] cloud-init[910]: |   o ..o         |
[   21.109616] cloud-init[910]: |  o ... o        |
[   21.109641] cloud-init[910]: | o  .. * o       |
[   21.109665] cloud-init[910]: |* .o  * S +      |
[   21.109689] cloud-init[910]: |=*+  * + * o     |
[   21.109714] cloud-init[910]: |.++ * o . = o    |
[   21.109738] cloud-init[910]: | o.+.+ . . E     |
[   21.109957] cloud-init[910]: | .++=..   .      |
[   21.110036] cloud-init[910]: +----[SHA256]-----+
[   21.112180] cloud-init[1045]: Generating locales (this might take a while)...
         Starting Authenticate and Authorize Users to Run Privileged Tasks...
         Starting Auto import assertions from block devices...
         Starting Login to default iSCSI targets...
[[0;32m  OK  [0m] Started Pollinate to seed the pseudo random number generator.
[[0;32m  OK  [0m] Started Auto import assertions from block devices.
[[0;32m  OK  [0m] Started Authenticate and Authorize Users to Run Privileged Tasks.
[[0;32m  OK  [0m] Started Accounts Service.
         Starting OpenBSD Secure Shell server...
[[0;32m  OK  [0m] Started Login to default iSCSI targets.
[[0;32m  OK  [0m] Started OpenBSD Secure Shell server.
[[0;32m  OK  [0m] Reached target Remote File Systems (Pre).
[[0;32m  OK  [0m] Reached target Remote File Systems.
         Starting LSB: automatic crash report generation...
         Starting Permit User Sessions...
         Starting LSB: Set the CPU Frequency Scaling governor to "ondemand"...
         Starting LSB: daemon to balance interrupts for SMP systems...
         Starting LSB: VirtualBox Linux Additions...
[[0;32m  OK  [0m] Started Permit User Sessions.
         Starting Terminate Plymouth Boot Screen...
         Starting Hold until boot process finishes up...
[[0;32m  OK  [0m] Started LSB: automatic crash report generation.
[[0;32m  OK  [0m] Started LSB: Set the CPU Frequency Scaling governor to "ondemand".
[[0;32m  OK  [0m] Started Terminate Plymouth Boot Screen.
[[0;32m  OK  [0m] Started Hold until boot process finishes up.
[   21.701853] cloud-init[1045]:   en_US.UTF-8... done
[[0;32m  OK  [0m] Started Getty on tty1.
[   21.776955] cloud-init[1045]: Generation complete.
         Starting Set console scheme...
[[0;32m  OK  [0m] Started Serial Getty on ttyS0.
[[0;32m  OK  [0m] Reached target Login Prompts.
[[0;32m  OK  [0m] Started LSB: daemon to balance interrupts for SMP systems.
[[0;32m  OK  [0m] Started LSB: VirtualBox Linux Additions.
[[0;32m  OK  [0m] Started Set console scheme.
[[0;32m  OK  [0m] Reached target Multi-User System.
[[0;32m  OK  [0m] Reached target Graphical Interface.
         Starting Update UTMP about System Runlevel Changes...
[[0;32m  OK  [0m] Started Update UTMP about System Runlevel Changes.
         Stopping OpenBSD Secure Shell server...
[[0;32m  OK  [0m] Stopped OpenBSD Secure Shell server.
         Starting OpenBSD Secure Shell server...
[[0;32m  OK  [0m] Started OpenBSD Secure Shell server.
[[0;32m  OK  [0m] Created slice User Slice of ubuntu.
         Starting User Manager for UID 1000...
[   22.464291] [cloud-init[0;32m  OK  [0m[1045]: ] Cloud-init v. 0.7.9 running 'modules:config' at Thu, 28 Sep 2017 05:18:58 +0000. Up 20.85 seconds.Started User Manager for UID 1000.

[[0;32m  OK  [0m] Started Apply the settings specified in cloud-config.
[[0;32m  OK  [0m] Started Session 1 of user ubuntu.
         Starting Execute cloud user/final scripts...
ci-info: no authorized ssh keys fingerprints found for user ubuntu.
<14>Sep 28 05:19:00 ec2: 
<14>Sep 28 05:19:00 ec2: #############################################################
<14>Sep 28 05:19:00 ec2: -----BEGIN SSH HOST KEY FINGERPRINTS-----
<14>Sep 28 05:19:00 ec2: 1024 SHA256:ZY37EOEKUx8TBWNmLWak9jyW9LaBE/dw5trwe3d4euk root@ubuntu-xenial (DSA)
<14>Sep 28 05:19:00 ec2: 256 SHA256:c8oCF+/KO+rzGBW7DpucURHraTmtBAcKFiRgP5LKgvI root@ubuntu-xenial (ECDSA)
<14>Sep 28 05:19:00 ec2: 256 SHA256:9PiJBwZFhqopHHWo/is7ISeM/DVmDeuOPG1HlPbZy2k root@ubuntu-xenial (ED25519)
<14>Sep 28 05:19:00 ec2: 2048 SHA256:/xAo5R2YWHFHmlLT63hInDbnlg+hh66IIcdqix1PFG4 root@ubuntu-xenial (RSA)
<14>Sep 28 05:19:00 ec2: -----END SSH HOST KEY FINGERPRINTS-----
<14>Sep 28 05:19:00 ec2: #############################################################
-----BEGIN SSH HOST KEY KEYS-----
ecdsa-sha2-nistp256 AAAAE2VjZHNhLXNoYTItbmlzdHAyNTYAAAAIbmlzdHAyNTYAAABBBMOh4+7hSUBDqmrcR555R7yZxT/mtuDtg+IoPLOWWMs2LULxVimdSH0Luw2VRx2W6AvlZ2T+tMak4V/q+R6f/sc= root@ubuntu-xenial
ssh-ed25519 AAAAC3NzaC1lZDI1NTE5AAAAIPtiSixfaszwT5h+YkPMz8WEru39r6uJ3wMJ2nH3IP/t root@ubuntu-xenial
ssh-rsa AAAAB3NzaC1yc2EAAAADAQABAAABAQDY52scPlZvIQVFSnCgdLVig/nCHVwV/16deg6TMBfgdEp0ptAYErrcPLvkIF1QihMIyfM9lC4EeDexhX4yYY/cM2hhw4Jg+6Jg97Rya9bd7kePISAIo47X7puyr4ZwlxUuHZcptvbCYkRUu0qQogp8vuCzZGbr4Rs8QpjUe7lXCCUmperO8FOnO3+LuXkwLZkH093z8ei0tGaLtrTv2liOuFSCG8iEOQZbbkviMBZ7zj0ZyK84oIbTXyAUHFpjgft00fB1UdxxJ3Cr1B9x0A3Zb9FRUaF/E8NqNkLG3y3QHV/rbT+zZRbmF8IXFmwm2UuDGBpbX0DbRc3IATijQiM1 root@ubuntu-xenial
-----END SSH HOST KEY KEYS-----
[   23.215900] cloud-init[1281]: Cloud-init v. 0.7.9 running 'modules:final' at Thu, 28 Sep 2017 05:19:00 +0000. Up 22.95 seconds.
[   23.237732] cloud-init[1281]: ci-info: no authorized ssh keys fingerprints found for user ubuntu.
[   23.262387] cloud-init[1281]: Cloud-init v. 0.7.9 finished at Thu, 28 Sep 2017 05:19:00 +0000. Datasource DataSourceNoCloud [seed=/dev/sdb][dsmode=net].  Up 23.21 seconds
[[0;32m  OK  [0m] Started Execute cloud user/final scripts.
[[0;32m  OK  [0m] Reached target Cloud-init target.

Ubuntu 16.04.3 LTS ubuntu-xenial ttyS0

ubuntu-xenial login: 